TpTrace Verbose: 0 : 11060, 1, 2022/10/06, 07:07:44.106, 657847075160, datacollector.dll, Version: 17.3.0
TpTrace Information: 0 : 11060, 1, 2022/10/06, 07:07:44.135, 657847279922, datacollector.dll, DataCollectorMain.Run: Starting data collector run with args: --port,52903,--parentprocessid,20680,--diag,C:\Users\vagrant\source\repos\SeleniumUnitTests\bin\Debug\net6.0\fine-code-coverage\coverage-tool-output\diagnostics.datacollector.22-10-06_07-07-43_47746_1.log,--tracelevel,4
TpTrace Information: 0 : 11060, 1, 2022/10/06, 07:07:44.135, 657847283380, datacollector.dll, DataCollector: Monitoring parent process with id: '20680'
TpTrace Information: 0 : 11060, 1, 2022/10/06, 07:07:44.164, 657847492390, datacollector.dll, Trying to connect to server on socket : 127.0.0.1:52903 
TpTrace Verbose: 0 : 11060, 1, 2022/10/06, 07:07:44.199, 657847740065, datacollector.dll, SocketCommunicationManager : SetupClientAsync : Attempting to connect to the server.
TpTrace Information: 0 : 11060, 8, 2022/10/06, 07:07:44.233, 657847988523, datacollector.dll, Connected to the server successfully 
TpTrace Information: 0 : 11060, 8, 2022/10/06, 07:07:44.233, 657847989957, datacollector.dll, Using the buffer size of 16384 bytes
TpTrace Information: 0 : 11060, 1, 2022/10/06, 07:07:44.528, 657850122037, datacollector.dll, DataCollector: Start Request Processing.
TpTrace Verbose: 0 : 11060, 1, 2022/10/06, 07:07:44.529, 657850126250, datacollector.dll, SocketCommunicationManager.WaitForServerConnection took: 0 ms, with 90000 ms timeout, and finished with True.
TpTrace Information: 0 : 11060, 1, 2022/10/06, 07:07:44.530, 657850133066, datacollector.dll, DataCollectionRequestHandler.ProcessRequests: Datacollector received message: (DataCollection.BeforeTestRunStart) -> {"MessageType":"DataCollection.BeforeTestRunStart","Payload":{"SettingsXml":"<RunSettings><RunConfiguration><ResultsDirectory>C:\\Users\\vagrant\\source\\repos\\SeleniumUnitTests\\bin\\Debug\\net6.0\\fine-code-coverage\\coverage-tool-output</ResultsDirectory><TargetPlatform>X64</TargetPlatform><TargetFrameworkVersion>.NETCoreApp,Version=v6.0</TargetFrameworkVersion><DesignMode>False</DesignMode><CollectSourceInformation>False</CollectSourceInformation><TestAdaptersPaths>C:\\Program Files\\dotnet\\sdk\\6.0.401\\Extensions</TestAdaptersPaths></RunConfiguration><LoggerRunSettings><Loggers><Logger friendlyName=\"blame\" enabled=\"True\" /><Logger friendlyName=\"Console\" uri=\"logger://microsoft/TestPlatform/ConsoleLogger/v1\" assemblyQualifiedName=\"Microsoft.VisualStudio.TestPlatform.CommandLine.Internal.ConsoleLogger, vstest.console, Version=15.0.0.0, Culture=neutral, PublicKeyToken=b03f5f7f11d50a3a\" codeBase=\"C:\\Program Files\\dotnet\\sdk\\6.0.401\\vstest.console.dll\" enabled=\"True\" /></Loggers></LoggerRunSettings><DataCollectionRunSettings><DataCollectors><DataCollector friendlyName=\"blame\" enabled=\"True\"><Configuration><ResultsDirectory>C:\\Users\\vagrant\\source\\repos\\SeleniumUnitTests\\bin\\Debug\\net6.0\\fine-code-coverage\\coverage-tool-output</ResultsDirectory></Configuration></DataCollector></DataCollectors></DataCollectionRunSettings></RunSettings>","Sources":["C:\\Users\\vagrant\\source\\repos\\SeleniumUnitTests\\bin\\Debug\\net6.0\\fine-code-coverage\\build-output\\SeleniumUnitTests.dll"],"IsTelemetryOptedIn":false}}
TpTrace Verbose: 0 : 11060, 1, 2022/10/06, 07:07:44.718, 657851489960, datacollector.dll, TestPluginCache: Update extensions started. Skip filter = False
TpTrace Verbose: 0 : 11060, 1, 2022/10/06, 07:07:44.723, 657851527123, datacollector.dll, TestPluginCache: Using directories for assembly resolution 'C:\Program Files\dotnet\sdk\6.0.401\Extensions'.
TpTrace Verbose: 0 : 11060, 1, 2022/10/06, 07:07:44.723, 657851529222, datacollector.dll, TestPluginCache: Updated the available extensions to 'C:\Program Files\dotnet\sdk\6.0.401\Extensions\Microsoft.TestPlatform.Extensions.BlameDataCollector.dll,C:\Program Files\dotnet\sdk\6.0.401\Extensions\Microsoft.TestPlatform.Extensions.EventLogCollector.dll'.
TpTrace Verbose: 0 : 11060, 1, 2022/10/06, 07:07:44.751, 657851730962, datacollector.dll, TestPluginCache.DiscoverTestExtensions: finding test extensions in assemblies ends with: Collector.dll TPluginInfo: Microsoft.VisualStudio.TestPlatform.Common.DataCollector.DataCollectorConfig TExtension: Microsoft.VisualStudio.TestPlatform.ObjectModel.DataCollection.DataCollector
TpTrace Verbose: 0 : 11060, 1, 2022/10/06, 07:07:44.752, 657851739647, datacollector.dll, TestPluginCache.GetExtensionPaths: Filtered extension paths: C:\Program Files\dotnet\sdk\6.0.401\Extensions\Microsoft.TestPlatform.Extensions.BlameDataCollector.dll
C:\Program Files\dotnet\sdk\6.0.401\Extensions\Microsoft.TestPlatform.Extensions.EventLogCollector.dll
TpTrace Verbose: 0 : 11060, 1, 2022/10/06, 07:07:44.752, 657851740830, datacollector.dll, TestPluginCache.GetExtensionPaths: Added default extension paths: 
TpTrace Verbose: 0 : 11060, 1, 2022/10/06, 07:07:44.752, 657851741844, datacollector.dll, TestPluginCache.GetExtensionPaths: Added unfilterableExtensionPaths: 
TpTrace Information: 0 : 11060, 1, 2022/10/06, 07:07:44.755, 657851757259, datacollector.dll, AssemblyResolver.ctor: Creating AssemblyResolver with searchDirectories C:\Program Files\dotnet\sdk\6.0.401\Extensions,C:\Program Files\dotnet\sdk\6.0.401
TpTrace Verbose: 0 : 11060, 1, 2022/10/06, 07:07:44.758, 657851782261, datacollector.dll, TestPluginCache.DiscoverTestExtensions: Discovering the extensions using extension path.
TpTrace Verbose: 0 : 11060, 1, 2022/10/06, 07:07:44.759, 657851785969, datacollector.dll, TestPluginCache.GetExtensionPaths: Filtered extension paths: C:\Program Files\dotnet\sdk\6.0.401\Extensions\Microsoft.TestPlatform.Extensions.BlameDataCollector.dll
C:\Program Files\dotnet\sdk\6.0.401\Extensions\Microsoft.TestPlatform.Extensions.EventLogCollector.dll
TpTrace Verbose: 0 : 11060, 1, 2022/10/06, 07:07:44.759, 657851786970, datacollector.dll, TestPluginCache.GetExtensionPaths: Added default extension paths: 
TpTrace Verbose: 0 : 11060, 1, 2022/10/06, 07:07:44.759, 657851787873, datacollector.dll, TestPluginCache.GetExtensionPaths: Added unfilterableExtensionPaths: 
TpTrace Verbose: 0 : 11060, 1, 2022/10/06, 07:07:44.759, 657851789257, datacollector.dll, TestPluginCache.DiscoverTestExtensions: Discovering the extensions using allExtensionPaths: C:\Program Files\dotnet\sdk\6.0.401\Extensions\Microsoft.TestPlatform.Extensions.BlameDataCollector.dll
C:\Program Files\dotnet\sdk\6.0.401\Extensions\Microsoft.TestPlatform.Extensions.EventLogCollector.dll
TpTrace Information: 0 : 11060, 1, 2022/10/06, 07:07:44.759, 657851792332, datacollector.dll, AssemblyResolver.AddSearchDirectories: Adding more searchDirectories C:\Program Files\dotnet\sdk\6.0.401\Extensions,C:\Program Files\dotnet\sdk\6.0.401
TpTrace Information: 0 : 11060, 1, 2022/10/06, 07:07:44.760, 657851793915, datacollector.dll, AssemblyResolver.AddSearchDirectories: Adding more searchDirectories C:\Program Files\dotnet\sdk\6.0.401\Extensions,C:\Program Files\dotnet\sdk\6.0.401
TpTrace Information: 0 : 11060, 1, 2022/10/06, 07:07:44.761, 657851802698, datacollector.dll, AssemblyResolver.OnResolve: Microsoft.TestPlatform.Extensions.BlameDataCollector: Resolving assembly.
TpTrace Information: 0 : 11060, 1, 2022/10/06, 07:07:44.761, 657851804543, datacollector.dll, AssemblyResolver.OnResolve: Microsoft.TestPlatform.Extensions.BlameDataCollector: Searching in: 'C:\Program Files\dotnet\sdk\6.0.401\Extensions'.
TpTrace Information: 0 : 11060, 1, 2022/10/06, 07:07:44.762, 657851812547, datacollector.dll, AssemblyResolver.OnResolve: Microsoft.TestPlatform.Extensions.BlameDataCollector: Loading assembly 'C:\Program Files\dotnet\sdk\6.0.401\Extensions\Microsoft.TestPlatform.Extensions.BlameDataCollector.dll'.
TpTrace Information: 0 : 11060, 1, 2022/10/06, 07:07:44.763, 657851821273, datacollector.dll, AssemblyResolver.OnResolve: Resolved assembly: Microsoft.TestPlatform.Extensions.BlameDataCollector, from path: C:\Program Files\dotnet\sdk\6.0.401\Extensions\Microsoft.TestPlatform.Extensions.BlameDataCollector.dll
TpTrace Verbose: 0 : 11060, 1, 2022/10/06, 07:07:44.791, 657852019091, datacollector.dll, MetadataReaderExtensionsHelper: Discovering extensions inside assembly 'Microsoft.TestPlatform.Extensions.BlameDataCollector, Version=15.0.0.0, Culture=neutral, PublicKeyToken=b03f5f7f11d50a3a' file path 'C:\Program Files\dotnet\sdk\6.0.401\Extensions\Microsoft.TestPlatform.Extensions.BlameDataCollector.dll'
TpTrace Error: 0 : 11060, 1, 2022/10/06, 07:07:44.829, 657852293695, datacollector.dll, The type "Microsoft.TestPlatform.Extensions.BlameDataCollector.BlameCollector" defined in "Microsoft.TestPlatform.Extensions.BlameDataCollector.dll" does not have ExtensionUri attribute.
TpTrace Information: 0 : 11060, 1, 2022/10/06, 07:07:44.833, 657852321144, datacollector.dll, GetTestExtensionFromType: Register extension with identifier data 'datacollector://microsoft/TestPlatform/Extensions/Blame/v1' and type 'Microsoft.TestPlatform.Extensions.BlameDataCollector.BlameCollector, Microsoft.TestPlatform.Extensions.BlameDataCollector, Version=15.0.0.0, Culture=neutral, PublicKeyToken=b03f5f7f11d50a3a' inside file 'C:\Program Files\dotnet\sdk\6.0.401\Extensions\Microsoft.TestPlatform.Extensions.BlameDataCollector.dll'
TpTrace Information: 0 : 11060, 1, 2022/10/06, 07:07:44.833, 657852324865, datacollector.dll, AssemblyResolver.OnResolve: Microsoft.TestPlatform.Extensions.EventLogCollector: Resolving assembly.
TpTrace Information: 0 : 11060, 1, 2022/10/06, 07:07:44.833, 657852326114, datacollector.dll, AssemblyResolver.OnResolve: Microsoft.TestPlatform.Extensions.EventLogCollector: Searching in: 'C:\Program Files\dotnet\sdk\6.0.401\Extensions'.
TpTrace Information: 0 : 11060, 1, 2022/10/06, 07:07:44.834, 657852332933, datacollector.dll, AssemblyResolver.OnResolve: Microsoft.TestPlatform.Extensions.EventLogCollector: Loading assembly 'C:\Program Files\dotnet\sdk\6.0.401\Extensions\Microsoft.TestPlatform.Extensions.EventLogCollector.dll'.
TpTrace Information: 0 : 11060, 1, 2022/10/06, 07:07:44.835, 657852340721, datacollector.dll, AssemblyResolver.OnResolve: Resolved assembly: Microsoft.TestPlatform.Extensions.EventLogCollector, from path: C:\Program Files\dotnet\sdk\6.0.401\Extensions\Microsoft.TestPlatform.Extensions.EventLogCollector.dll
TpTrace Verbose: 0 : 11060, 1, 2022/10/06, 07:07:44.836, 657852342799, datacollector.dll, MetadataReaderExtensionsHelper: Discovering extensions inside assembly 'Microsoft.TestPlatform.Extensions.EventLogCollector, Version=15.0.0.0, Culture=neutral, PublicKeyToken=b03f5f7f11d50a3a' file path 'C:\Program Files\dotnet\sdk\6.0.401\Extensions\Microsoft.TestPlatform.Extensions.EventLogCollector.dll'
TpTrace Error: 0 : 11060, 1, 2022/10/06, 07:07:44.844, 657852406279, datacollector.dll, The type "Microsoft.TestPlatform.Extensions.EventLogCollector.EventLogDataCollector" defined in "Microsoft.TestPlatform.Extensions.EventLogCollector.dll" does not have ExtensionUri attribute.
TpTrace Information: 0 : 11060, 1, 2022/10/06, 07:07:44.845, 657852410716, datacollector.dll, GetTestExtensionFromType: Register extension with identifier data 'datacollector://microsoft/EventLog/2.0' and type 'Microsoft.TestPlatform.Extensions.EventLogCollector.EventLogDataCollector, Microsoft.TestPlatform.Extensions.EventLogCollector, Version=15.0.0.0, Culture=neutral, PublicKeyToken=b03f5f7f11d50a3a' inside file 'C:\Program Files\dotnet\sdk\6.0.401\Extensions\Microsoft.TestPlatform.Extensions.EventLogCollector.dll'
TpTrace Verbose: 0 : 11060, 1, 2022/10/06, 07:07:44.846, 657852417409, datacollector.dll, TestPluginCache: Discovered the extensions using extension path 'C:\Program Files\dotnet\sdk\6.0.401\Extensions\Microsoft.TestPlatform.Extensions.BlameDataCollector.dll,C:\Program Files\dotnet\sdk\6.0.401\Extensions\Microsoft.TestPlatform.Extensions.EventLogCollector.dll'.
TpTrace Verbose: 0 : 11060, 1, 2022/10/06, 07:07:44.846, 657852420270, datacollector.dll, TestPluginCache: Discoverers are ''.
TpTrace Verbose: 0 : 11060, 1, 2022/10/06, 07:07:44.846, 657852421114, datacollector.dll, TestPluginCache: Executors are ''.
TpTrace Verbose: 0 : 11060, 1, 2022/10/06, 07:07:44.847, 657852421878, datacollector.dll, TestPluginCache: Executors2 are ''.
TpTrace Verbose: 0 : 11060, 1, 2022/10/06, 07:07:44.847, 657852422808, datacollector.dll, TestPluginCache: Setting providers are ''.
TpTrace Verbose: 0 : 11060, 1, 2022/10/06, 07:07:44.847, 657852423731, datacollector.dll, TestPluginCache: Loggers are ''.
TpTrace Verbose: 0 : 11060, 1, 2022/10/06, 07:07:44.847, 657852425712, datacollector.dll, TestPluginCache: TestHosts are ''.
TpTrace Verbose: 0 : 11060, 1, 2022/10/06, 07:07:44.848, 657852431079, datacollector.dll, TestPluginCache: DataCollectors are 'datacollector://microsoft/TestPlatform/Extensions/Blame/v1,datacollector://microsoft/EventLog/2.0'.
TpTrace Information: 0 : 11060, 1, 2022/10/06, 07:07:44.852, 657852462090, datacollector.dll, TestPluginManager.CreateTestExtension: Attempting to load test extension: Microsoft.TestPlatform.Extensions.BlameDataCollector.BlameCollector
TpTrace Verbose: 0 : 11060, 1, 2022/10/06, 07:07:44.872, 657852604205, datacollector.dll, MulticastDelegateUtilities.SafeInvoke: DataCollectionEvents.SessionStart: Invoking callbacks was skipped because there are no subscribers.
TpTrace Information: 0 : 11060, 1, 2022/10/06, 07:07:44.875, 657852630293, datacollector.dll, Listening on Endpoint : 127.0.0.1:52906
TpTrace Information: 0 : 11060, 1, 2022/10/06, 07:07:44.914, 657852912163, datacollector.dll, DataCollectionRequestHandler.ProcessRequests : DataCollection started.
TpTrace Information: 0 : 11060, 1, 2022/10/06, 07:07:44.981, 657853391083, datacollector.dll, DataCollectionRequestHandler.ProcessRequests: Datacollector received message: (DataCollection.TestHostLaunched) -> {"MessageType":"DataCollection.TestHostLaunched","Payload":{"ProcessId":16868}}
TpTrace Verbose: 0 : 11060, 1, 2022/10/06, 07:07:44.985, 657853419859, datacollector.dll, MulticastDelegateUtilities.SafeInvoke: DataCollectionEvents.TestHostLaunched: Invoking callback 1/1 for Microsoft.TestPlatform.Extensions.BlameDataCollector.BlameCollector.TestHostLaunchedHandler, took 0 ms.
TpTrace Information: 0 : 11060, 5, 2022/10/06, 07:07:45.770, 657859091292, datacollector.dll, Using the buffer size of 16384 bytes
TpTrace Information: 0 : 11060, 5, 2022/10/06, 07:07:45.770, 657859093057, datacollector.dll, Accepted Client request and set the flag
TpTrace Verbose: 0 : 11060, 8, 2022/10/06, 07:07:45.770, 657859091872, datacollector.dll, SocketCommunicationManager.WaitForClientConnection took: 630 ms, with 90000 ms timeout, and finished with True.
TpTrace Information: 0 : 11060, 8, 2022/10/06, 07:07:48.291, 657877306992, datacollector.dll, DataCollectionTestCaseEventHandler: Test case starting.
TpTrace Information: 0 : 11060, 8, 2022/10/06, 07:07:48.479, 657878667327, datacollector.dll, BlameCollector.EventsTestCaseStart: Test Case Start
TpTrace Verbose: 0 : 11060, 8, 2022/10/06, 07:07:48.480, 657878672746, datacollector.dll, MulticastDelegateUtilities.SafeInvoke: DataCollectionEvents.TestCaseStart: Invoking callback 1/1 for Microsoft.TestPlatform.Extensions.BlameDataCollector.BlameCollector.EventsTestCaseStart, took 0 ms.
TpTrace Information: 0 : 11060, 8, 2022/10/06, 07:07:48.481, 657878676780, datacollector.dll, DataCollectionTestCaseEventHandler: Test case 'TestAcceptAlert - 61af2da9-7465-afa3-875a-ea59a9be3550' started.
TpTrace Information: 0 : 11060, 8, 2022/10/06, 07:07:55.121, 657926650099, datacollector.dll, DataCollectionTestCaseEventHandler: Test case completing.
TpTrace Information: 0 : 11060, 8, 2022/10/06, 07:07:55.139, 657926782932, datacollector.dll, BlameCollector.EventsTestCaseEnd: Test Case End
TpTrace Verbose: 0 : 11060, 8, 2022/10/06, 07:07:55.140, 657926788445, datacollector.dll, MulticastDelegateUtilities.SafeInvoke: DataCollectionEvents.TestCaseEnd: Invoking callback 1/1 for Microsoft.TestPlatform.Extensions.BlameDataCollector.BlameCollector.EventsTestCaseEnd, took 0 ms.
TpTrace Information: 0 : 11060, 8, 2022/10/06, 07:07:55.148, 657926851364, datacollector.dll, DataCollectionTestCaseEventHandler: Test case 'TestAcceptAlert - 61af2da9-7465-afa3-875a-ea59a9be3550' completed
TpTrace Information: 0 : 11060, 8, 2022/10/06, 07:07:55.251, 657927678727, datacollector.dll, DataCollectionTestCaseEventHandler: Test case starting.
TpTrace Information: 0 : 11060, 8, 2022/10/06, 07:07:55.254, 657927699422, datacollector.dll, BlameCollector.EventsTestCaseStart: Test Case Start
TpTrace Verbose: 0 : 11060, 8, 2022/10/06, 07:07:55.254, 657927701897, datacollector.dll, MulticastDelegateUtilities.SafeInvoke: DataCollectionEvents.TestCaseStart: Invoking callback 1/1 for Microsoft.TestPlatform.Extensions.BlameDataCollector.BlameCollector.EventsTestCaseStart, took 0 ms.
TpTrace Information: 0 : 11060, 8, 2022/10/06, 07:07:55.254, 657927704501, datacollector.dll, DataCollectionTestCaseEventHandler: Test case 'TestDismissAlert - 94a4c0a8-06af-843b-0d2a-ab59dc3f9648' started.
TpTrace Information: 0 : 11060, 8, 2022/10/06, 07:07:59.895, 657964957041, datacollector.dll, DataCollectionTestCaseEventHandler: Test case completing.
TpTrace Information: 0 : 11060, 8, 2022/10/06, 07:07:59.897, 657964975940, datacollector.dll, BlameCollector.EventsTestCaseEnd: Test Case End
TpTrace Verbose: 0 : 11060, 8, 2022/10/06, 07:07:59.898, 657964977460, datacollector.dll, MulticastDelegateUtilities.SafeInvoke: DataCollectionEvents.TestCaseEnd: Invoking callback 1/1 for Microsoft.TestPlatform.Extensions.BlameDataCollector.BlameCollector.EventsTestCaseEnd, took 0 ms.
TpTrace Information: 0 : 11060, 8, 2022/10/06, 07:07:59.898, 657964981240, datacollector.dll, DataCollectionTestCaseEventHandler: Test case 'TestDismissAlert - 94a4c0a8-06af-843b-0d2a-ab59dc3f9648' completed
TpTrace Information: 0 : 11060, 8, 2022/10/06, 07:07:59.905, 657965040652, datacollector.dll, DataCollectionTestCaseEventHandler: Test case starting.
TpTrace Information: 0 : 11060, 8, 2022/10/06, 07:07:59.907, 657965055880, datacollector.dll, BlameCollector.EventsTestCaseStart: Test Case Start
TpTrace Verbose: 0 : 11060, 8, 2022/10/06, 07:07:59.908, 657965057189, datacollector.dll, MulticastDelegateUtilities.SafeInvoke: DataCollectionEvents.TestCaseStart: Invoking callback 1/1 for Microsoft.TestPlatform.Extensions.BlameDataCollector.BlameCollector.EventsTestCaseStart, took 0 ms.
TpTrace Information: 0 : 11060, 8, 2022/10/06, 07:07:59.908, 657965059401, datacollector.dll, DataCollectionTestCaseEventHandler: Test case 'TestLaunchChrome - 7df00e61-946b-567c-367e-1133a393d8ad' started.
TpTrace Information: 0 : 11060, 8, 2022/10/06, 07:08:02.993, 657989825912, datacollector.dll, DataCollectionTestCaseEventHandler: Test case completing.
TpTrace Information: 0 : 11060, 8, 2022/10/06, 07:08:02.995, 657989843292, datacollector.dll, BlameCollector.EventsTestCaseEnd: Test Case End
TpTrace Verbose: 0 : 11060, 8, 2022/10/06, 07:08:02.995, 657989844474, datacollector.dll, MulticastDelegateUtilities.SafeInvoke: DataCollectionEvents.TestCaseEnd: Invoking callback 1/1 for Microsoft.TestPlatform.Extensions.BlameDataCollector.BlameCollector.EventsTestCaseEnd, took 0 ms.
TpTrace Information: 0 : 11060, 8, 2022/10/06, 07:08:02.996, 657989847156, datacollector.dll, DataCollectionTestCaseEventHandler: Test case 'TestLaunchChrome - 7df00e61-946b-567c-367e-1133a393d8ad' completed
TpTrace Information: 0 : 11060, 8, 2022/10/06, 07:08:02.999, 657989872910, datacollector.dll, DataCollectionTestCaseEventHandler: Test case starting.
TpTrace Information: 0 : 11060, 8, 2022/10/06, 07:08:03.001, 657989889687, datacollector.dll, BlameCollector.EventsTestCaseStart: Test Case Start
TpTrace Verbose: 0 : 11060, 8, 2022/10/06, 07:08:03.001, 657989891839, datacollector.dll, MulticastDelegateUtilities.SafeInvoke: DataCollectionEvents.TestCaseStart: Invoking callback 1/1 for Microsoft.TestPlatform.Extensions.BlameDataCollector.BlameCollector.EventsTestCaseStart, took 0 ms.
TpTrace Information: 0 : 11060, 8, 2022/10/06, 07:08:03.002, 657989894241, datacollector.dll, DataCollectionTestCaseEventHandler: Test case 'TestClickButton - 09a7eff9-43c9-3272-30f9-3a8edbb5c23c' started.
TpTrace Information: 0 : 11060, 8, 2022/10/06, 07:08:07.107, 658022851600, datacollector.dll, DataCollectionTestCaseEventHandler: Test case completing.
TpTrace Information: 0 : 11060, 8, 2022/10/06, 07:08:07.109, 658022868381, datacollector.dll, BlameCollector.EventsTestCaseEnd: Test Case End
TpTrace Verbose: 0 : 11060, 8, 2022/10/06, 07:08:07.109, 658022869738, datacollector.dll, MulticastDelegateUtilities.SafeInvoke: DataCollectionEvents.TestCaseEnd: Invoking callback 1/1 for Microsoft.TestPlatform.Extensions.BlameDataCollector.BlameCollector.EventsTestCaseEnd, took 0 ms.
TpTrace Information: 0 : 11060, 8, 2022/10/06, 07:08:07.110, 658022871964, datacollector.dll, DataCollectionTestCaseEventHandler: Test case 'TestClickButton - 09a7eff9-43c9-3272-30f9-3a8edbb5c23c' completed
TpTrace Information: 0 : 11060, 8, 2022/10/06, 07:08:07.115, 658022916763, datacollector.dll, DataCollectionTestCaseEventHandler: Test case starting.
TpTrace Information: 0 : 11060, 8, 2022/10/06, 07:08:07.118, 658022942165, datacollector.dll, BlameCollector.EventsTestCaseStart: Test Case Start
TpTrace Verbose: 0 : 11060, 8, 2022/10/06, 07:08:07.119, 658022944762, datacollector.dll, MulticastDelegateUtilities.SafeInvoke: DataCollectionEvents.TestCaseStart: Invoking callback 1/1 for Microsoft.TestPlatform.Extensions.BlameDataCollector.BlameCollector.EventsTestCaseStart, took 0 ms.
TpTrace Information: 0 : 11060, 8, 2022/10/06, 07:08:07.119, 658022947387, datacollector.dll, DataCollectionTestCaseEventHandler: Test case 'TestClickNonExistentButton - 135d2fab-7831-e241-075a-d6081499b5b9' started.
TpTrace Information: 0 : 11060, 8, 2022/10/06, 07:08:10.656, 658054055275, datacollector.dll, DataCollectionTestCaseEventHandler: Test case completing.
TpTrace Information: 0 : 11060, 8, 2022/10/06, 07:08:10.659, 658054082912, datacollector.dll, BlameCollector.EventsTestCaseEnd: Test Case End
TpTrace Verbose: 0 : 11060, 8, 2022/10/06, 07:08:10.660, 658054083786, datacollector.dll, MulticastDelegateUtilities.SafeInvoke: DataCollectionEvents.TestCaseEnd: Invoking callback 1/1 for Microsoft.TestPlatform.Extensions.BlameDataCollector.BlameCollector.EventsTestCaseEnd, took 0 ms.
TpTrace Information: 0 : 11060, 8, 2022/10/06, 07:08:10.660, 658054085669, datacollector.dll, DataCollectionTestCaseEventHandler: Test case 'TestClickNonExistentButton - 135d2fab-7831-e241-075a-d6081499b5b9' completed
TpTrace Information: 0 : 11060, 8, 2022/10/06, 07:08:10.664, 658054119968, datacollector.dll, DataCollectionTestCaseEventHandler: Test case starting.
TpTrace Information: 0 : 11060, 8, 2022/10/06, 07:08:10.674, 658054213458, datacollector.dll, BlameCollector.EventsTestCaseStart: Test Case Start
TpTrace Verbose: 0 : 11060, 8, 2022/10/06, 07:08:10.674, 658054216110, datacollector.dll, MulticastDelegateUtilities.SafeInvoke: DataCollectionEvents.TestCaseStart: Invoking callback 1/1 for Microsoft.TestPlatform.Extensions.BlameDataCollector.BlameCollector.EventsTestCaseStart, took 0 ms.
TpTrace Information: 0 : 11060, 8, 2022/10/06, 07:08:10.675, 658054220579, datacollector.dll, DataCollectionTestCaseEventHandler: Test case 'TestTypeNonExistentInput - f5d9310b-bea3-c9bd-fa93-455a8d3859d8' started.
TpTrace Information: 0 : 11060, 8, 2022/10/06, 07:08:14.009, 658083955858, datacollector.dll, DataCollectionTestCaseEventHandler: Test case completing.
TpTrace Information: 0 : 11060, 8, 2022/10/06, 07:08:14.011, 658083972488, datacollector.dll, BlameCollector.EventsTestCaseEnd: Test Case End
TpTrace Verbose: 0 : 11060, 8, 2022/10/06, 07:08:14.011, 658083973591, datacollector.dll, MulticastDelegateUtilities.SafeInvoke: DataCollectionEvents.TestCaseEnd: Invoking callback 1/1 for Microsoft.TestPlatform.Extensions.BlameDataCollector.BlameCollector.EventsTestCaseEnd, took 0 ms.
TpTrace Information: 0 : 11060, 8, 2022/10/06, 07:08:14.011, 658083976380, datacollector.dll, DataCollectionTestCaseEventHandler: Test case 'TestTypeNonExistentInput - f5d9310b-bea3-c9bd-fa93-455a8d3859d8' completed
TpTrace Information: 0 : 11060, 8, 2022/10/06, 07:08:14.015, 658084012671, datacollector.dll, DataCollectionTestCaseEventHandler: Test case starting.
TpTrace Information: 0 : 11060, 8, 2022/10/06, 07:08:14.017, 658084028592, datacollector.dll, BlameCollector.EventsTestCaseStart: Test Case Start
TpTrace Verbose: 0 : 11060, 8, 2022/10/06, 07:08:14.017, 658084030268, datacollector.dll, MulticastDelegateUtilities.SafeInvoke: DataCollectionEvents.TestCaseStart: Invoking callback 1/1 for Microsoft.TestPlatform.Extensions.BlameDataCollector.BlameCollector.EventsTestCaseStart, took 0 ms.
TpTrace Information: 0 : 11060, 8, 2022/10/06, 07:08:14.017, 658084032830, datacollector.dll, DataCollectionTestCaseEventHandler: Test case 'TestInput - 4b72920e-b124-3c5c-8c61-bd991bb9075e' started.
TpTrace Information: 0 : 11060, 8, 2022/10/06, 07:08:18.015, 658119689745, datacollector.dll, DataCollectionTestCaseEventHandler: Test case completing.
TpTrace Information: 0 : 11060, 8, 2022/10/06, 07:08:18.017, 658119706516, datacollector.dll, BlameCollector.EventsTestCaseEnd: Test Case End
TpTrace Verbose: 0 : 11060, 8, 2022/10/06, 07:08:18.017, 658119707903, datacollector.dll, MulticastDelegateUtilities.SafeInvoke: DataCollectionEvents.TestCaseEnd: Invoking callback 1/1 for Microsoft.TestPlatform.Extensions.BlameDataCollector.BlameCollector.EventsTestCaseEnd, took 0 ms.
TpTrace Information: 0 : 11060, 8, 2022/10/06, 07:08:18.017, 658119710257, datacollector.dll, DataCollectionTestCaseEventHandler: Test case 'TestInput - 4b72920e-b124-3c5c-8c61-bd991bb9075e' completed
TpTrace Information: 0 : 11060, 8, 2022/10/06, 07:08:18.020, 658119738445, datacollector.dll, DataCollectionTestCaseEventHandler: Test case starting.
TpTrace Information: 0 : 11060, 8, 2022/10/06, 07:08:18.025, 658119780717, datacollector.dll, BlameCollector.EventsTestCaseStart: Test Case Start
TpTrace Verbose: 0 : 11060, 8, 2022/10/06, 07:08:18.025, 658119782446, datacollector.dll, MulticastDelegateUtilities.SafeInvoke: DataCollectionEvents.TestCaseStart: Invoking callback 1/1 for Microsoft.TestPlatform.Extensions.BlameDataCollector.BlameCollector.EventsTestCaseStart, took 0 ms.
TpTrace Information: 0 : 11060, 8, 2022/10/06, 07:08:18.026, 658119784934, datacollector.dll, DataCollectionTestCaseEventHandler: Test case 'TestSubmit - 060248ed-314c-50b4-4242-a78daaf1cf54' started.
TpTrace Information: 0 : 11060, 8, 2022/10/06, 07:08:22.473, 658163053712, datacollector.dll, DataCollectionTestCaseEventHandler: Test case completing.
TpTrace Information: 0 : 11060, 8, 2022/10/06, 07:08:22.475, 658163078137, datacollector.dll, BlameCollector.EventsTestCaseEnd: Test Case End
TpTrace Verbose: 0 : 11060, 8, 2022/10/06, 07:08:22.476, 658163079519, datacollector.dll, MulticastDelegateUtilities.SafeInvoke: DataCollectionEvents.TestCaseEnd: Invoking callback 1/1 for Microsoft.TestPlatform.Extensions.BlameDataCollector.BlameCollector.EventsTestCaseEnd, took 0 ms.
TpTrace Information: 0 : 11060, 8, 2022/10/06, 07:08:22.476, 658163083038, datacollector.dll, DataCollectionTestCaseEventHandler: Test case 'TestSubmit - 060248ed-314c-50b4-4242-a78daaf1cf54' completed
TpTrace Information: 0 : 11060, 8, 2022/10/06, 07:08:22.485, 658163176346, datacollector.dll, DataCollectionTestCaseEventHandler: Test case starting.
TpTrace Information: 0 : 11060, 8, 2022/10/06, 07:08:22.487, 658163193594, datacollector.dll, BlameCollector.EventsTestCaseStart: Test Case Start
TpTrace Verbose: 0 : 11060, 8, 2022/10/06, 07:08:22.487, 658163194771, datacollector.dll, MulticastDelegateUtilities.SafeInvoke: DataCollectionEvents.TestCaseStart: Invoking callback 1/1 for Microsoft.TestPlatform.Extensions.BlameDataCollector.BlameCollector.EventsTestCaseStart, took 0 ms.
TpTrace Information: 0 : 11060, 8, 2022/10/06, 07:08:22.487, 658163196805, datacollector.dll, DataCollectionTestCaseEventHandler: Test case 'TestCheck - b9f87868-7391-e4f9-bffa-afa68c6cf563' started.
TpTrace Information: 0 : 11060, 8, 2022/10/06, 07:08:26.018, 658198189898, datacollector.dll, DataCollectionTestCaseEventHandler: Test case completing.
TpTrace Information: 0 : 11060, 8, 2022/10/06, 07:08:26.020, 658198205981, datacollector.dll, BlameCollector.EventsTestCaseEnd: Test Case End
TpTrace Verbose: 0 : 11060, 8, 2022/10/06, 07:08:26.020, 658198207457, datacollector.dll, MulticastDelegateUtilities.SafeInvoke: DataCollectionEvents.TestCaseEnd: Invoking callback 1/1 for Microsoft.TestPlatform.Extensions.BlameDataCollector.BlameCollector.EventsTestCaseEnd, took 0 ms.
TpTrace Information: 0 : 11060, 8, 2022/10/06, 07:08:26.020, 658198210069, datacollector.dll, DataCollectionTestCaseEventHandler: Test case 'TestCheck - b9f87868-7391-e4f9-bffa-afa68c6cf563' completed
TpTrace Information: 0 : 11060, 8, 2022/10/06, 07:08:26.027, 658198271608, datacollector.dll, DataCollectionTestCaseEventHandler: Test case starting.
TpTrace Information: 0 : 11060, 8, 2022/10/06, 07:08:26.028, 658198288216, datacollector.dll, BlameCollector.EventsTestCaseStart: Test Case Start
TpTrace Verbose: 0 : 11060, 8, 2022/10/06, 07:08:26.028, 658198289489, datacollector.dll, MulticastDelegateUtilities.SafeInvoke: DataCollectionEvents.TestCaseStart: Invoking callback 1/1 for Microsoft.TestPlatform.Extensions.BlameDataCollector.BlameCollector.EventsTestCaseStart, took 0 ms.
TpTrace Information: 0 : 11060, 8, 2022/10/06, 07:08:26.029, 658198291469, datacollector.dll, DataCollectionTestCaseEventHandler: Test case 'TestUncheck - fb0ec671-3c53-75d8-1d46-512b982b535c' started.
TpTrace Information: 0 : 11060, 8, 2022/10/06, 07:08:26.096, 658198963832, datacollector.dll, DataCollectionTestCaseEventHandler: Test case completing.
TpTrace Information: 0 : 11060, 8, 2022/10/06, 07:08:26.098, 658198981127, datacollector.dll, BlameCollector.EventsTestCaseEnd: Test Case End
TpTrace Verbose: 0 : 11060, 8, 2022/10/06, 07:08:26.098, 658198982755, datacollector.dll, MulticastDelegateUtilities.SafeInvoke: DataCollectionEvents.TestCaseEnd: Invoking callback 1/1 for Microsoft.TestPlatform.Extensions.BlameDataCollector.BlameCollector.EventsTestCaseEnd, took 0 ms.
TpTrace Information: 0 : 11060, 8, 2022/10/06, 07:08:26.099, 658198985297, datacollector.dll, DataCollectionTestCaseEventHandler: Test case 'TestUncheck - fb0ec671-3c53-75d8-1d46-512b982b535c' completed
TpTrace Information: 0 : 11060, 8, 2022/10/06, 07:08:26.101, 658199005414, datacollector.dll, DataCollectionTestCaseEventHandler: Test case starting.
TpTrace Information: 0 : 11060, 8, 2022/10/06, 07:08:26.102, 658199022341, datacollector.dll, BlameCollector.EventsTestCaseStart: Test Case Start
TpTrace Verbose: 0 : 11060, 8, 2022/10/06, 07:08:26.102, 658199023397, datacollector.dll, MulticastDelegateUtilities.SafeInvoke: DataCollectionEvents.TestCaseStart: Invoking callback 1/1 for Microsoft.TestPlatform.Extensions.BlameDataCollector.BlameCollector.EventsTestCaseStart, took 0 ms.
TpTrace Information: 0 : 11060, 8, 2022/10/06, 07:08:26.103, 658199025393, datacollector.dll, DataCollectionTestCaseEventHandler: Test case 'TestRadio - 654a4a89-0a04-d954-615e-074ad33a3905' started.
TpTrace Information: 0 : 11060, 8, 2022/10/06, 07:08:29.572, 658234104156, datacollector.dll, DataCollectionTestCaseEventHandler: Test case completing.
TpTrace Information: 0 : 11060, 8, 2022/10/06, 07:08:29.574, 658234121117, datacollector.dll, BlameCollector.EventsTestCaseEnd: Test Case End
TpTrace Verbose: 0 : 11060, 8, 2022/10/06, 07:08:29.574, 658234122827, datacollector.dll, MulticastDelegateUtilities.SafeInvoke: DataCollectionEvents.TestCaseEnd: Invoking callback 1/1 for Microsoft.TestPlatform.Extensions.BlameDataCollector.BlameCollector.EventsTestCaseEnd, took 0 ms.
TpTrace Information: 0 : 11060, 8, 2022/10/06, 07:08:29.574, 658234125043, datacollector.dll, DataCollectionTestCaseEventHandler: Test case 'TestRadio - 654a4a89-0a04-d954-615e-074ad33a3905' completed
TpTrace Information: 0 : 11060, 8, 2022/10/06, 07:08:29.577, 658234152804, datacollector.dll, DataCollectionTestCaseEventHandler: Test case starting.
TpTrace Information: 0 : 11060, 8, 2022/10/06, 07:08:29.579, 658234175385, datacollector.dll, BlameCollector.EventsTestCaseStart: Test Case Start
TpTrace Verbose: 0 : 11060, 8, 2022/10/06, 07:08:29.579, 658234177031, datacollector.dll, MulticastDelegateUtilities.SafeInvoke: DataCollectionEvents.TestCaseStart: Invoking callback 1/1 for Microsoft.TestPlatform.Extensions.BlameDataCollector.BlameCollector.EventsTestCaseStart, took 0 ms.
TpTrace Information: 0 : 11060, 8, 2022/10/06, 07:08:29.579, 658234180799, datacollector.dll, DataCollectionTestCaseEventHandler: Test case 'TestSelectByText - 15ae5df1-65d8-4a61-d714-52e11a0fa214' started.
TpTrace Information: 0 : 11060, 8, 2022/10/06, 07:08:32.686, 658268389322, datacollector.dll, DataCollectionTestCaseEventHandler: Test case completing.
TpTrace Information: 0 : 11060, 8, 2022/10/06, 07:08:32.687, 658268405993, datacollector.dll, BlameCollector.EventsTestCaseEnd: Test Case End
TpTrace Verbose: 0 : 11060, 8, 2022/10/06, 07:08:32.687, 658268407418, datacollector.dll, MulticastDelegateUtilities.SafeInvoke: DataCollectionEvents.TestCaseEnd: Invoking callback 1/1 for Microsoft.TestPlatform.Extensions.BlameDataCollector.BlameCollector.EventsTestCaseEnd, took 0 ms.
TpTrace Information: 0 : 11060, 8, 2022/10/06, 07:08:32.688, 658268410115, datacollector.dll, DataCollectionTestCaseEventHandler: Test case 'TestSelectByText - 15ae5df1-65d8-4a61-d714-52e11a0fa214' completed
TpTrace Information: 0 : 11060, 8, 2022/10/06, 07:08:32.690, 658268439868, datacollector.dll, DataCollectionTestCaseEventHandler: Test case starting.
TpTrace Information: 0 : 11060, 8, 2022/10/06, 07:08:32.692, 658268458269, datacollector.dll, BlameCollector.EventsTestCaseStart: Test Case Start
TpTrace Verbose: 0 : 11060, 8, 2022/10/06, 07:08:32.692, 658268459310, datacollector.dll, MulticastDelegateUtilities.SafeInvoke: DataCollectionEvents.TestCaseStart: Invoking callback 1/1 for Microsoft.TestPlatform.Extensions.BlameDataCollector.BlameCollector.EventsTestCaseStart, took 0 ms.
TpTrace Information: 0 : 11060, 8, 2022/10/06, 07:08:32.692, 658268461222, datacollector.dll, DataCollectionTestCaseEventHandler: Test case 'TestSelectByValue - ec779046-39a8-425e-e3f8-5b930d6e31fa' started.
TpTrace Information: 0 : 11060, 8, 2022/10/06, 07:08:35.542, 658299841507, datacollector.dll, DataCollectionTestCaseEventHandler: Test case completing.
TpTrace Information: 0 : 11060, 8, 2022/10/06, 07:08:35.544, 658299867012, datacollector.dll, BlameCollector.EventsTestCaseEnd: Test Case End
TpTrace Verbose: 0 : 11060, 8, 2022/10/06, 07:08:35.545, 658299872210, datacollector.dll, MulticastDelegateUtilities.SafeInvoke: DataCollectionEvents.TestCaseEnd: Invoking callback 1/1 for Microsoft.TestPlatform.Extensions.BlameDataCollector.BlameCollector.EventsTestCaseEnd, took 1 ms.
TpTrace Information: 0 : 11060, 8, 2022/10/06, 07:08:35.546, 658299880635, datacollector.dll, DataCollectionTestCaseEventHandler: Test case 'TestSelectByValue - ec779046-39a8-425e-e3f8-5b930d6e31fa' completed
TpTrace Information: 0 : 11060, 8, 2022/10/06, 07:08:35.548, 658299907183, datacollector.dll, DataCollectionTestCaseEventHandler: Test case starting.
TpTrace Information: 0 : 11060, 8, 2022/10/06, 07:08:35.550, 658299925218, datacollector.dll, BlameCollector.EventsTestCaseStart: Test Case Start
TpTrace Verbose: 0 : 11060, 8, 2022/10/06, 07:08:35.550, 658299926776, datacollector.dll, MulticastDelegateUtilities.SafeInvoke: DataCollectionEvents.TestCaseStart: Invoking callback 1/1 for Microsoft.TestPlatform.Extensions.BlameDataCollector.BlameCollector.EventsTestCaseStart, took 0 ms.
TpTrace Information: 0 : 11060, 8, 2022/10/06, 07:08:35.550, 658299929130, datacollector.dll, DataCollectionTestCaseEventHandler: Test case 'TestSelectByIndex - 22980522-360a-7ee9-bbf9-8405cc5d3136' started.
TpTrace Information: 0 : 11060, 8, 2022/10/06, 07:08:38.664, 658334984959, datacollector.dll, DataCollectionTestCaseEventHandler: Test case completing.
TpTrace Information: 0 : 11060, 8, 2022/10/06, 07:08:38.674, 658335103072, datacollector.dll, BlameCollector.EventsTestCaseEnd: Test Case End
TpTrace Verbose: 0 : 11060, 8, 2022/10/06, 07:08:38.674, 658335111074, datacollector.dll, MulticastDelegateUtilities.SafeInvoke: DataCollectionEvents.TestCaseEnd: Invoking callback 1/1 for Microsoft.TestPlatform.Extensions.BlameDataCollector.BlameCollector.EventsTestCaseEnd, took 0 ms.
TpTrace Information: 0 : 11060, 8, 2022/10/06, 07:08:38.675, 658335118070, datacollector.dll, DataCollectionTestCaseEventHandler: Test case 'TestSelectByIndex - 22980522-360a-7ee9-bbf9-8405cc5d3136' completed
TpTrace Information: 0 : 11060, 8, 2022/10/06, 07:08:38.677, 658335144681, datacollector.dll, DataCollectionTestCaseEventHandler: Test case starting.
TpTrace Information: 0 : 11060, 8, 2022/10/06, 07:08:38.678, 658335160789, datacollector.dll, BlameCollector.EventsTestCaseStart: Test Case Start
TpTrace Verbose: 0 : 11060, 8, 2022/10/06, 07:08:38.678, 658335162432, datacollector.dll, MulticastDelegateUtilities.SafeInvoke: DataCollectionEvents.TestCaseStart: Invoking callback 1/1 for Microsoft.TestPlatform.Extensions.BlameDataCollector.BlameCollector.EventsTestCaseStart, took 0 ms.
TpTrace Information: 0 : 11060, 8, 2022/10/06, 07:08:38.679, 658335165018, datacollector.dll, DataCollectionTestCaseEventHandler: Test case 'TestDeselectByText - 5c1b73fc-598e-fe26-e0c3-c71baf609689' started.
TpTrace Information: 0 : 11060, 8, 2022/10/06, 07:08:41.487, 658369523109, datacollector.dll, DataCollectionTestCaseEventHandler: Test case completing.
TpTrace Information: 0 : 11060, 8, 2022/10/06, 07:08:41.488, 658369541317, datacollector.dll, BlameCollector.EventsTestCaseEnd: Test Case End
TpTrace Verbose: 0 : 11060, 8, 2022/10/06, 07:08:41.488, 658369542697, datacollector.dll, MulticastDelegateUtilities.SafeInvoke: DataCollectionEvents.TestCaseEnd: Invoking callback 1/1 for Microsoft.TestPlatform.Extensions.BlameDataCollector.BlameCollector.EventsTestCaseEnd, took 0 ms.
TpTrace Information: 0 : 11060, 8, 2022/10/06, 07:08:41.489, 658369545747, datacollector.dll, DataCollectionTestCaseEventHandler: Test case 'TestDeselectByText - 5c1b73fc-598e-fe26-e0c3-c71baf609689' completed
TpTrace Information: 0 : 11060, 8, 2022/10/06, 07:08:41.491, 658369569546, datacollector.dll, DataCollectionTestCaseEventHandler: Test case starting.
TpTrace Information: 0 : 11060, 8, 2022/10/06, 07:08:41.492, 658369586432, datacollector.dll, BlameCollector.EventsTestCaseStart: Test Case Start
TpTrace Verbose: 0 : 11060, 8, 2022/10/06, 07:08:41.492, 658369587874, datacollector.dll, MulticastDelegateUtilities.SafeInvoke: DataCollectionEvents.TestCaseStart: Invoking callback 1/1 for Microsoft.TestPlatform.Extensions.BlameDataCollector.BlameCollector.EventsTestCaseStart, took 0 ms.
TpTrace Information: 0 : 11060, 8, 2022/10/06, 07:08:41.492, 658369590402, datacollector.dll, DataCollectionTestCaseEventHandler: Test case 'TestDeselectByValue - 85ed7962-bc74-2889-c40a-2638faedff41' started.
TpTrace Information: 0 : 11060, 8, 2022/10/06, 07:08:44.514, 658406564763, datacollector.dll, DataCollectionTestCaseEventHandler: Test case completing.
TpTrace Information: 0 : 11060, 8, 2022/10/06, 07:08:44.516, 658406584591, datacollector.dll, BlameCollector.EventsTestCaseEnd: Test Case End
TpTrace Verbose: 0 : 11060, 8, 2022/10/06, 07:08:44.516, 658406585975, datacollector.dll, MulticastDelegateUtilities.SafeInvoke: DataCollectionEvents.TestCaseEnd: Invoking callback 1/1 for Microsoft.TestPlatform.Extensions.BlameDataCollector.BlameCollector.EventsTestCaseEnd, took 0 ms.
TpTrace Information: 0 : 11060, 8, 2022/10/06, 07:08:44.516, 658406588890, datacollector.dll, DataCollectionTestCaseEventHandler: Test case 'TestDeselectByValue - 85ed7962-bc74-2889-c40a-2638faedff41' completed
TpTrace Information: 0 : 11060, 8, 2022/10/06, 07:08:44.519, 658406621695, datacollector.dll, DataCollectionTestCaseEventHandler: Test case starting.
TpTrace Information: 0 : 11060, 8, 2022/10/06, 07:08:44.520, 658406636700, datacollector.dll, BlameCollector.EventsTestCaseStart: Test Case Start
TpTrace Verbose: 0 : 11060, 8, 2022/10/06, 07:08:44.520, 658406637984, datacollector.dll, MulticastDelegateUtilities.SafeInvoke: DataCollectionEvents.TestCaseStart: Invoking callback 1/1 for Microsoft.TestPlatform.Extensions.BlameDataCollector.BlameCollector.EventsTestCaseStart, took 0 ms.
TpTrace Information: 0 : 11060, 8, 2022/10/06, 07:08:44.521, 658406640317, datacollector.dll, DataCollectionTestCaseEventHandler: Test case 'TestDeselectByIndex - d390aaec-40f5-1122-3817-69f23e967f13' started.
TpTrace Information: 0 : 11060, 8, 2022/10/06, 07:08:47.437, 658443983822, datacollector.dll, DataCollectionTestCaseEventHandler: Test case completing.
TpTrace Information: 0 : 11060, 8, 2022/10/06, 07:08:47.438, 658443997815, datacollector.dll, BlameCollector.EventsTestCaseEnd: Test Case End
TpTrace Verbose: 0 : 11060, 8, 2022/10/06, 07:08:47.438, 658443999142, datacollector.dll, MulticastDelegateUtilities.SafeInvoke: DataCollectionEvents.TestCaseEnd: Invoking callback 1/1 for Microsoft.TestPlatform.Extensions.BlameDataCollector.BlameCollector.EventsTestCaseEnd, took 0 ms.
TpTrace Information: 0 : 11060, 8, 2022/10/06, 07:08:47.438, 658444001198, datacollector.dll, DataCollectionTestCaseEventHandler: Test case 'TestDeselectByIndex - d390aaec-40f5-1122-3817-69f23e967f13' completed
TpTrace Information: 0 : 11060, 8, 2022/10/06, 07:08:47.440, 658444027291, datacollector.dll, DataCollectionTestCaseEventHandler: Test case starting.
TpTrace Information: 0 : 11060, 8, 2022/10/06, 07:08:47.441, 658444041277, datacollector.dll, BlameCollector.EventsTestCaseStart: Test Case Start
TpTrace Verbose: 0 : 11060, 8, 2022/10/06, 07:08:47.441, 658444042861, datacollector.dll, MulticastDelegateUtilities.SafeInvoke: DataCollectionEvents.TestCaseStart: Invoking callback 1/1 for Microsoft.TestPlatform.Extensions.BlameDataCollector.BlameCollector.EventsTestCaseStart, took 0 ms.
TpTrace Information: 0 : 11060, 8, 2022/10/06, 07:08:47.441, 658444044691, datacollector.dll, DataCollectionTestCaseEventHandler: Test case 'TestSelectAll - caee1d8f-a48c-32ef-bdc4-0bc93f61c271' started.
TpTrace Information: 0 : 11060, 8, 2022/10/06, 07:08:50.614, 658487178574, datacollector.dll, DataCollectionTestCaseEventHandler: Test case completing.
TpTrace Information: 0 : 11060, 8, 2022/10/06, 07:08:50.615, 658487193458, datacollector.dll, BlameCollector.EventsTestCaseEnd: Test Case End
TpTrace Verbose: 0 : 11060, 8, 2022/10/06, 07:08:50.615, 658487195203, datacollector.dll, MulticastDelegateUtilities.SafeInvoke: DataCollectionEvents.TestCaseEnd: Invoking callback 1/1 for Microsoft.TestPlatform.Extensions.BlameDataCollector.BlameCollector.EventsTestCaseEnd, took 0 ms.
TpTrace Information: 0 : 11060, 8, 2022/10/06, 07:08:50.615, 658487197505, datacollector.dll, DataCollectionTestCaseEventHandler: Test case 'TestSelectAll - caee1d8f-a48c-32ef-bdc4-0bc93f61c271' completed
TpTrace Information: 0 : 11060, 8, 2022/10/06, 07:08:50.617, 658487223099, datacollector.dll, DataCollectionTestCaseEventHandler: Test case starting.
TpTrace Information: 0 : 11060, 8, 2022/10/06, 07:08:50.618, 658487239310, datacollector.dll, BlameCollector.EventsTestCaseStart: Test Case Start
TpTrace Verbose: 0 : 11060, 8, 2022/10/06, 07:08:50.619, 658487240493, datacollector.dll, MulticastDelegateUtilities.SafeInvoke: DataCollectionEvents.TestCaseStart: Invoking callback 1/1 for Microsoft.TestPlatform.Extensions.BlameDataCollector.BlameCollector.EventsTestCaseStart, took 0 ms.
TpTrace Information: 0 : 11060, 8, 2022/10/06, 07:08:50.619, 658487242739, datacollector.dll, DataCollectionTestCaseEventHandler: Test case 'TestDeselectAll - d9d19f34-b7d3-08fa-0de3-801f1d483f5c' started.
TpTrace Information: 0 : 11060, 8, 2022/10/06, 07:08:54.081, 658533681911, datacollector.dll, DataCollectionTestCaseEventHandler: Test case completing.
TpTrace Information: 0 : 11060, 8, 2022/10/06, 07:08:54.082, 658533697483, datacollector.dll, BlameCollector.EventsTestCaseEnd: Test Case End
TpTrace Verbose: 0 : 11060, 8, 2022/10/06, 07:08:54.082, 658533699576, datacollector.dll, MulticastDelegateUtilities.SafeInvoke: DataCollectionEvents.TestCaseEnd: Invoking callback 1/1 for Microsoft.TestPlatform.Extensions.BlameDataCollector.BlameCollector.EventsTestCaseEnd, took 0 ms.
TpTrace Information: 0 : 11060, 8, 2022/10/06, 07:08:54.082, 658533701516, datacollector.dll, DataCollectionTestCaseEventHandler: Test case 'TestDeselectAll - d9d19f34-b7d3-08fa-0de3-801f1d483f5c' completed
TpTrace Information: 0 : 11060, 8, 2022/10/06, 07:08:54.086, 658533740410, datacollector.dll, DataCollectionTestCaseEventHandler: Test case starting.
TpTrace Information: 0 : 11060, 8, 2022/10/06, 07:08:54.087, 658533760888, datacollector.dll, BlameCollector.EventsTestCaseStart: Test Case Start
TpTrace Verbose: 0 : 11060, 8, 2022/10/06, 07:08:54.087, 658533762322, datacollector.dll, MulticastDelegateUtilities.SafeInvoke: DataCollectionEvents.TestCaseStart: Invoking callback 1/1 for Microsoft.TestPlatform.Extensions.BlameDataCollector.BlameCollector.EventsTestCaseStart, took 0 ms.
TpTrace Information: 0 : 11060, 8, 2022/10/06, 07:08:54.087, 658533764428, datacollector.dll, DataCollectionTestCaseEventHandler: Test case 'TestLocatorWorksheet - bed14b44-05c6-c627-0e0e-43413f453903' started.
TpTrace Information: 0 : 11060, 8, 2022/10/06, 07:08:56.612, 658564959751, datacollector.dll, DataCollectionTestCaseEventHandler: Test case completing.
TpTrace Information: 0 : 11060, 8, 2022/10/06, 07:08:56.614, 658564987985, datacollector.dll, BlameCollector.EventsTestCaseEnd: Test Case End
TpTrace Verbose: 0 : 11060, 8, 2022/10/06, 07:08:56.614, 658564989600, datacollector.dll, MulticastDelegateUtilities.SafeInvoke: DataCollectionEvents.TestCaseEnd: Invoking callback 1/1 for Microsoft.TestPlatform.Extensions.BlameDataCollector.BlameCollector.EventsTestCaseEnd, took 0 ms.
TpTrace Information: 0 : 11060, 8, 2022/10/06, 07:08:56.614, 658564994728, datacollector.dll, DataCollectionTestCaseEventHandler: Test case 'TestLocatorWorksheet - bed14b44-05c6-c627-0e0e-43413f453903' completed
TpTrace Information: 0 : 11060, 8, 2022/10/06, 07:08:56.617, 658565022250, datacollector.dll, DataCollectionTestCaseEventHandler: Test case starting.
TpTrace Information: 0 : 11060, 8, 2022/10/06, 07:08:56.618, 658565036382, datacollector.dll, BlameCollector.EventsTestCaseStart: Test Case Start
TpTrace Verbose: 0 : 11060, 8, 2022/10/06, 07:08:56.618, 658565037448, datacollector.dll, MulticastDelegateUtilities.SafeInvoke: DataCollectionEvents.TestCaseStart: Invoking callback 1/1 for Microsoft.TestPlatform.Extensions.BlameDataCollector.BlameCollector.EventsTestCaseStart, took 0 ms.
TpTrace Information: 0 : 11060, 8, 2022/10/06, 07:08:56.618, 658565039062, datacollector.dll, DataCollectionTestCaseEventHandler: Test case 'TestLink - 3f4dbaa6-febb-1c10-2471-54b07bc2a309' started.
TpTrace Information: 0 : 11060, 8, 2022/10/06, 07:08:59.021, 658594737878, datacollector.dll, DataCollectionTestCaseEventHandler: Test case completing.
TpTrace Information: 0 : 11060, 8, 2022/10/06, 07:08:59.023, 658594766132, datacollector.dll, BlameCollector.EventsTestCaseEnd: Test Case End
TpTrace Verbose: 0 : 11060, 8, 2022/10/06, 07:08:59.024, 658594768237, datacollector.dll, MulticastDelegateUtilities.SafeInvoke: DataCollectionEvents.TestCaseEnd: Invoking callback 1/1 for Microsoft.TestPlatform.Extensions.BlameDataCollector.BlameCollector.EventsTestCaseEnd, took 0 ms.
TpTrace Information: 0 : 11060, 8, 2022/10/06, 07:08:59.024, 658594770634, datacollector.dll, DataCollectionTestCaseEventHandler: Test case 'TestLink - 3f4dbaa6-febb-1c10-2471-54b07bc2a309' completed
TpTrace Information: 0 : 11060, 8, 2022/10/06, 07:08:59.026, 658594795152, datacollector.dll, DataCollectionTestCaseEventHandler: Test case starting.
TpTrace Information: 0 : 11060, 8, 2022/10/06, 07:08:59.029, 658594829494, datacollector.dll, BlameCollector.EventsTestCaseStart: Test Case Start
TpTrace Verbose: 0 : 11060, 8, 2022/10/06, 07:08:59.029, 658594831038, datacollector.dll, MulticastDelegateUtilities.SafeInvoke: DataCollectionEvents.TestCaseStart: Invoking callback 1/1 for Microsoft.TestPlatform.Extensions.BlameDataCollector.BlameCollector.EventsTestCaseStart, took 0 ms.
TpTrace Information: 0 : 11060, 8, 2022/10/06, 07:08:59.029, 658594833116, datacollector.dll, DataCollectionTestCaseEventHandler: Test case 'TestPartialLink - fd6d592d-6386-4c60-5d50-c663dd61d56d' started.
TpTrace Information: 0 : 11060, 8, 2022/10/06, 07:09:01.608, 658626709883, datacollector.dll, DataCollectionTestCaseEventHandler: Test case completing.
TpTrace Information: 0 : 11060, 8, 2022/10/06, 07:09:01.609, 658626726276, datacollector.dll, BlameCollector.EventsTestCaseEnd: Test Case End
TpTrace Verbose: 0 : 11060, 8, 2022/10/06, 07:09:01.610, 658626727961, datacollector.dll, MulticastDelegateUtilities.SafeInvoke: DataCollectionEvents.TestCaseEnd: Invoking callback 1/1 for Microsoft.TestPlatform.Extensions.BlameDataCollector.BlameCollector.EventsTestCaseEnd, took 0 ms.
TpTrace Information: 0 : 11060, 8, 2022/10/06, 07:09:01.610, 658626731949, datacollector.dll, DataCollectionTestCaseEventHandler: Test case 'TestPartialLink - fd6d592d-6386-4c60-5d50-c663dd61d56d' completed
TpTrace Information: 0 : 11060, 8, 2022/10/06, 07:09:01.614, 658626783835, datacollector.dll, DataCollectionTestCaseEventHandler: Test case starting.
TpTrace Information: 0 : 11060, 8, 2022/10/06, 07:09:01.615, 658626799950, datacollector.dll, BlameCollector.EventsTestCaseStart: Test Case Start
TpTrace Verbose: 0 : 11060, 8, 2022/10/06, 07:09:01.616, 658626801045, datacollector.dll, MulticastDelegateUtilities.SafeInvoke: DataCollectionEvents.TestCaseStart: Invoking callback 1/1 for Microsoft.TestPlatform.Extensions.BlameDataCollector.BlameCollector.EventsTestCaseStart, took 0 ms.
TpTrace Information: 0 : 11060, 8, 2022/10/06, 07:09:01.616, 658626803026, datacollector.dll, DataCollectionTestCaseEventHandler: Test case 'TestGotoURL - 2afa4559-1251-50cc-9a94-b16c5be4f05d' started.
TpTrace Information: 0 : 11060, 8, 2022/10/06, 07:09:05.020, 658665110399, datacollector.dll, DataCollectionTestCaseEventHandler: Test case completing.
TpTrace Information: 0 : 11060, 8, 2022/10/06, 07:09:05.021, 658665127484, datacollector.dll, BlameCollector.EventsTestCaseEnd: Test Case End
TpTrace Verbose: 0 : 11060, 8, 2022/10/06, 07:09:05.022, 658665128629, datacollector.dll, MulticastDelegateUtilities.SafeInvoke: DataCollectionEvents.TestCaseEnd: Invoking callback 1/1 for Microsoft.TestPlatform.Extensions.BlameDataCollector.BlameCollector.EventsTestCaseEnd, took 0 ms.
TpTrace Information: 0 : 11060, 8, 2022/10/06, 07:09:05.022, 658665130749, datacollector.dll, DataCollectionTestCaseEventHandler: Test case 'TestGotoURL - 2afa4559-1251-50cc-9a94-b16c5be4f05d' completed
TpTrace Information: 0 : 11060, 8, 2022/10/06, 07:09:05.030, 658665226401, datacollector.dll, DataCollectionTestCaseEventHandler: Test session ended
TpTrace Information: 0 : 11060, 1, 2022/10/06, 07:09:05.153, 658666608319, datacollector.dll, DataCollectionRequestHandler.ProcessRequests: Datacollector received message: (DataCollection.AfterTestRunEnd) -> {"MessageType":"DataCollection.AfterTestRunEnd","Payload":false}
TpTrace Information: 0 : 11060, 1, 2022/10/06, 07:09:05.155, 658666630465, datacollector.dll, Blame Collector: Session End
TpTrace Information: 0 : 11060, 1, 2022/10/06, 07:09:05.155, 658666631829, datacollector.dll, BlameCollector.CollectDumpAndAbortTesthost: Custom path to dump directory was provided via VSTEST_DUMP_PATH. Skipping attachment upload, the caller is responsible for collecting and uploading the dumps themselves.
TpTrace Verbose: 0 : 11060, 1, 2022/10/06, 07:09:05.155, 658666633688, datacollector.dll, MulticastDelegateUtilities.SafeInvoke: DataCollectionEvents.SessionEnd: Invoking callback 1/1 for Microsoft.TestPlatform.Extensions.BlameDataCollector.BlameCollector.SessionEndedHandler, took 0 ms.
TpTrace Information: 0 : 11060, 1, 2022/10/06, 07:09:05.157, 658666647702, datacollector.dll, DataCollectionManager.CleanupPlugins: CleanupPlugins called
TpTrace Verbose: 0 : 11060, 1, 2022/10/06, 07:09:05.157, 658666648498, datacollector.dll, DataCollectionManager.CleanupPlugins: Cleaning up 1 plugins
TpTrace Verbose: 0 : 11060, 1, 2022/10/06, 07:09:05.157, 658666650447, datacollector.dll, dataCollectorInfo.DisposeDataCollector: calling Dispose() on Microsoft.TestPlatform.Extensions.BlameDataCollector.BlameCollector
TpTrace Information: 0 : 11060, 1, 2022/10/06, 07:09:05.157, 658666651886, datacollector.dll, DataCollectionManager.CleanupPlugins: CleanupPlugins finished
TpTrace Information: 0 : 11060, 1, 2022/10/06, 07:09:05.170, 658666795556, datacollector.dll, DataCollectionRequestHandler.ProcessRequests : Session End message received from server. Closing the connection.
TpTrace Information: 0 : 11060, 1, 2022/10/06, 07:09:05.170, 658666799377, datacollector.dll, Closing the connection !
TpTrace Information: 0 : 11060, 1, 2022/10/06, 07:09:05.170, 658666800247, datacollector.dll, DataCollectionRequestHandler.ProcessRequests : DataCollection completed
TpTrace Information: 0 : 11060, 1, 2022/10/06, 07:09:05.170, 658666801035, datacollector.dll, Program.Main: exiting datacollector process.
